Step: build-step-credential-initializer:

{"level":"warn","ts":1551201783.5526853,"logger":"fallback-logger","caller":"logging/config.go:65","msg":"Fetch GitHub commit ID from kodata failed: \"ref: refs/heads/test\" is not a valid GitHub commit ID"}
{"level":"info","ts":1551201783.5531802,"logger":"fallback-logger","caller":"creds-init/main.go:40","msg":"Credentials initialized."}
Step: build-step-git-source-0:

{"level":"warn","ts":1551201786.0567086,"logger":"fallback-logger","caller":"logging/config.go:65","msg":"Fetch GitHub commit ID from kodata failed: \"ref: refs/heads/test\" is not a valid GitHub commit ID"}
{"level":"info","ts":1551201788.711369,"logger":"fallback-logger","caller":"git-init/main.go:92","msg":"Successfully cloned \"https://github.com/cagiti/go-tawerin.git\" @ \"master\" in path \"/workspace\""}
Step: build-step-jenkins:

Picked up _JAVA_OPTIONS: -Xmx400m
Started
Running in Durability level: PERFORMANCE_OPTIMIZED
  20.361 [id=34]	WARNING	i.f.k.c.i.VersionUsageUtils#alert: The client is using resource type 'customresourcedefinitions' with unstable version 'v1beta1'
[Pipeline] node
Running on Jenkins in /tmp/jenkinsTests.tmp/jenkins2809720764626197027test/workspace/job
[Pipeline] {
[Pipeline] stage
[Pipeline] { (Declarative: Checkout SCM)
[Pipeline] checkout
[Pipeline] }
[Pipeline] // stage
[Pipeline] withCredentials
[Pipeline] {
[Pipeline] withEnv
[Pipeline] {
[Pipeline] stage
[Pipeline] { (CI Build and push snapshot)
Stage "CI Build and push snapshot" skipped due to when conditional
[Pipeline] }
[Pipeline] // stage
[Pipeline] stage
[Pipeline] { (Build Release)
[Pipeline] git
 > git rev-parse --is-inside-work-tree # timeout=10
Fetching changes from the remote Git repository
 > git config remote.origin.url https://github.com/cagiti/go-tawerin.git # timeout=10
Fetching upstream changes from https://github.com/cagiti/go-tawerin.git
 > git --version # timeout=10
 > git fetch --tags --progress https://github.com/cagiti/go-tawerin.git +refs/heads/*:refs/remotes/origin/*
 > git rev-parse refs/remotes/origin/master^{commit} # timeout=10
 > git rev-parse refs/remotes/origin/origin/master^{commit} # timeout=10
Checking out Revision 6a234f3b7b2c3a7d4ab324a19c1907cd87508631 (refs/remotes/origin/master)
 > git config core.sparsecheckout # timeout=10
 > git checkout -f 6a234f3b7b2c3a7d4ab324a19c1907cd87508631
 > git branch -a -v --no-abbrev # timeout=10
 > git branch -D master # timeout=10
 > git checkout -b master 6a234f3b7b2c3a7d4ab324a19c1907cd87508631
Commit message: "Draft create"
First time build. Skipping changelog.
[Pipeline] sh
+ jx-release-version
+ echo 1.0.1
[Pipeline] sh
+ cat VERSION
+ jx step tag --version 1.0.1
Tag v1.0.1 created and pushed to remote origin
[Pipeline] sh
+ npm install
npm WARN saveError ENOENT: no such file or directory, open '/tmp/jenkinsTests.tmp/jenkins2809720764626197027test/workspace/job/package.json'
npm notice created a lockfile as package-lock.json. You should commit this file.
npm WARN enoent ENOENT: no such file or directory, open '/tmp/jenkinsTests.tmp/jenkins2809720764626197027test/workspace/job/package.json'
npm WARN job No description
npm WARN job No repository field.
npm WARN job No README data
npm WARN job No license field.

up to date in 0.092s
[Pipeline] sh
+ CI=true DISPLAY=:99 npm test
npm ERR! path /tmp/jenkinsTests.tmp/jenkins2809720764626197027test/workspace/job/package.json
npm ERR! code ENOENT
npm ERR! errno -2
npm ERR! syscall open
npm ERR! enoent ENOENT: no such file or directory, open '/tmp/jenkinsTests.tmp/jenkins2809720764626197027test/workspace/job/package.json'
npm ERR! enoent This is related to npm not being able to find a file.
npm ERR! enoent 

npm ERR! A complete log of this run can be found in:
npm ERR!     /builder/home/.npm/_logs/2019-02-26T17_25_20_759Z-debug.log
[Pipeline] }
[Pipeline] // stage
[Pipeline] stage
[Pipeline] { (Promote to Environments)
Stage "Promote to Environments" skipped due to earlier failure(s)
[Pipeline] }
[Pipeline] // stage
[Pipeline] }
[Pipeline] // withEnv
[Pipeline] }
[Pipeline] // withCredentials
[Pipeline] }
[Pipeline] // node
[Pipeline] End of Pipeline
ERROR: script returned exit code 254
Finished: FAILURE
